Build started 21/09/2015 14:20:15.
     1>Project "C:\Users\manusd\Desktop\2nd year\programming\C++\Windows\MarbleMaze.Windows.vcxproj" on node 2 (Build target(s)).
     1>FxCompile:
         C:\Program Files (x86)\Windows Kits\8.1\bin\x86\fxc.exe /nologo /E"main" /T ps_4_0_level_9_1 /Fo "C:\Users\manusd\Desktop\2nd year\programming\C++\Debug\MarbleMaze.Windows\BasicPixelShader.cso" "C:\Users\manusd\Desktop\2nd year\programming\C++\Shared\BasicPixelShader.hlsl" 
         compilation object save succeeded; see C:\Users\manusd\Desktop\2nd year\programming\C++\Debug\MarbleMaze.Windows\BasicPixelShader.cso
         C:\Program Files (x86)\Windows Kits\8.1\bin\x86\fxc.exe /nologo /E"main" /T vs_4_0_level_9_1 /Fo "C:\Users\manusd\Desktop\2nd year\programming\C++\Debug\MarbleMaze.Windows\BasicVertexShader.cso" /Od /Zi "C:\Users\manusd\Desktop\2nd year\programming\C++\Shared\BasicVertexShader.hlsl" 
         compilation object save succeeded; see C:\Users\manusd\Desktop\2nd year\programming\C++\Debug\MarbleMaze.Windows\BasicVertexShader.cso
       ClCompile:
         C:\Program Files (x86)\Microsoft Visual Studio 12.0\VC\bin\CL.exe /c /I"C:\Users\manusd\Desktop\2nd year\programming\C++\Windows\\" /IDebug\ /I"C:\Users\manusd\Desktop\2nd year\programming\C++\Shared\\" /I"C:\Users\manusd\Desktop\2nd year\programming\C++\Windows\\" /I"Generated Files\\" /IDebug\ /I"C:\Users\manusd\Desktop\2nd year\programming\C++\Shared\\" /ZI /ZW /ZW:nostdlib /nologo /W3 /WX- /sdl /MP /Od /Oy- /D _DEBUG /D _UNICODE /D UNICODE /D _DEBUG /D WINAPI_FAMILY=WINAPI_FAMILY_APP /Gm- /EHsc /RTC1 /MDd /GS /fp:precise /Zc:wchar_t /Zc:forScope /Yc"pch.h" /Fp"Debug\pch.pch" /Fo"Debug\\" /Fd"Debug\vc120.pdb" /Gd /TP /wd4453 /wd28204 /FU"C:\Program Files (x86)\Microsoft SDKs\Windows\v8.1\ExtensionSDKs\Microsoft.VCLibs\12.0\References\CommonConfiguration\neutral\platform.winmd" /FU"C:\Program Files (x86)\Windows Kits\8.1\References\CommonConfiguration\Neutral\Windows.winmd" /FU"C:\Program Files (x86)\Windows Kits\8.1\References\CommonConfiguration\Neutral\Windows.winmd" /analyze- /errorReport:prompt /bigobj "C:\Users\manusd\Desktop\2nd year\programming\C++\Shared\pch.cpp"
         pch.cpp
         C:\Program Files (x86)\Microsoft Visual Studio 12.0\VC\bin\CL.exe /c /I"C:\Users\manusd\Desktop\2nd year\programming\C++\Windows\\" /IDebug\ /I"C:\Users\manusd\Desktop\2nd year\programming\C++\Shared\\" /I"C:\Users\manusd\Desktop\2nd year\programming\C++\Windows\\" /I"Generated Files\\" /IDebug\ /I"C:\Users\manusd\Desktop\2nd year\programming\C++\Shared\\" /ZI /ZW /ZW:nostdlib /nologo /W3 /WX- /sdl /MP /Od /Oy- /D _DEBUG /D _UNICODE /D UNICODE /D _DEBUG /D WINAPI_FAMILY=WINAPI_FAMILY_APP /Gm- /EHsc /RTC1 /MDd /GS /fp:precise /Zc:wchar_t /Zc:forScope /Yu"pch.h" /Fp"Debug\pch.pch" /Fo"Debug\\" /Fd"Debug\vc120.pdb" /Gd /TP /wd4453 /wd28204 /FU"C:\Program Files (x86)\Microsoft SDKs\Windows\v8.1\ExtensionSDKs\Microsoft.VCLibs\12.0\References\CommonConfiguration\neutral\platform.winmd" /FU"C:\Program Files (x86)\Windows Kits\8.1\References\CommonConfiguration\Neutral\Windows.winmd" /FU"C:\Program Files (x86)\Windows Kits\8.1\References\CommonConfiguration\Neutral\Windows.winmd" /analyze- /errorReport:prompt /bigobj "C:\Users\manusd\Desktop\2nd year\programming\C++\Shared\app.cpp" "C:\Users\manusd\Desktop\2nd year\programming\C++\Shared\MarbleMazeMain.cpp" "C:\Users\manusd\Desktop\2nd year\programming\C++\Shared\SampleOverlay.cpp" "C:\Users\manusd\Desktop\2nd year\programming\C++\Shared\BasicShapes.cpp" "C:\Users\manusd\Desktop\2nd year\programming\C++\Shared\BasicLoader.cpp" "C:\Users\manusd\Desktop\2nd year\programming\C++\Shared\BasicReaderWriter.cpp" "C:\Users\manusd\Desktop\2nd year\programming\C++\Shared\PersistentState.cpp" "C:\Users\manusd\Desktop\2nd year\programming\C++\Shared\DDSTextureLoader.cpp" "C:\Users\manusd\Desktop\2nd year\programming\C++\Shared\DeviceResources.cpp" "C:\Users\manusd\Desktop\2nd year\programming\C++\Shared\Audio.cpp" "C:\Users\manusd\Desktop\2nd year\programming\C++\Shared\Camera.cpp" "C:\Users\manusd\Desktop\2nd year\programming\C++\Shared\Collision.cpp" "C:\Users\manusd\Desktop\2nd year\programming\C++\Shared\LoadScreen.cpp" "C:\Users\manusd\Desktop\2nd year\programming\C++\Shared\MediaStreamer.cpp" "C:\Users\manusd\Desktop\2nd year\programming\C++\Shared\Physics.cpp" "C:\Users\manusd\Desktop\2nd year\programming\C++\Shared\SDKMesh.cpp" "C:\Users\manusd\Desktop\2nd year\programming\C++\Shared\UserInterface.cpp"
         app.cpp
         MarbleMazeMain.cpp
         SampleOverlay.cpp
         BasicShapes.cpp
         BasicLoader.cpp
         BasicReaderWriter.cpp
         PersistentState.cpp
         DDSTextureLoader.cpp
         DeviceResources.cpp
         Audio.cpp
         Camera.cpp
         Collision.cpp
         LoadScreen.cpp
         MediaStreamer.cpp
         Physics.cpp
         SDKMesh.cpp
         UserInterface.cpp
       Link:
         C:\Program Files (x86)\Microsoft Visual Studio 12.0\VC\bin\link.exe /ERRORREPORT:PROMPT /OUT:"C:\Users\manusd\Desktop\2nd year\programming\C++\Debug\MarbleMaze.Windows\MarbleMaze.Windows.exe" /INCREMENTAL /NOLOGO /LIBPATH:"C:\Program Files (x86)\Microsoft Visual Studio 12.0\VC\\lib\store" /LIBPATH:"C:\Program Files (x86)\Microsoft Visual Studio 12.0\VC\\lib" d2d1.lib d3d11.lib dxgi.lib ole32.lib windowscodecs.lib dwrite.lib dxguid.lib xaudio2.lib xinput.lib mfcore.lib mfplat.lib mfreadwrite.lib mfuuid.lib kernel32.lib /MANIFEST:NO /DEBUG /PDB:"C:\Users\manusd\Desktop\2nd year\programming\C++\Debug\MarbleMaze.Windows\MarbleMaze.Windows.pdb" /SUBSYSTEM:WINDOWS /TLBID:1 /APPCONTAINER /WINMD /WINMDFILE:"C:\Users\manusd\Desktop\2nd year\programming\C++\Debug\MarbleMaze.Windows\MarbleMaze.winmd" /DYNAMICBASE /NXCOMPAT /MACHINE:X86 Debug\app.obj
         Debug\MarbleMazeMain.obj
         Debug\pch.obj
         Debug\SampleOverlay.obj
         Debug\BasicShapes.obj
         Debug\BasicLoader.obj
         Debug\BasicReaderWriter.obj
         Debug\PersistentState.obj
         Debug\DDSTextureLoader.obj
         Debug\DeviceResources.obj
         Debug\Audio.obj
         Debug\Camera.obj
         Debug\Collision.obj
         Debug\LoadScreen.obj
         Debug\MediaStreamer.obj
         Debug\Physics.obj
         Debug\SDKMesh.obj
         Debug\UserInterface.obj
         MarbleMaze.Windows.vcxproj -> C:\Users\manusd\Desktop\2nd year\programming\C++\Debug\MarbleMaze.Windows\MarbleMaze.Windows.exe
     1>Done Building Project "C:\Users\manusd\Desktop\2nd year\programming\C++\Windows\MarbleMaze.Windows.vcxproj" (Build target(s)).

Build succeeded.

Time Elapsed 00:00:49.60
